  [1m[36m (2.4ms)[0m  [1mCREATE TABLE "photos" ("id" INTEGER PRIMARY KEY AUTOINCREMENT NOT NULL, "user_id" integer, "caption" varchar, "created_at" datetime, "updated_at" datetime, "image_file_name" varchar, "image_content_type" varchar, "image_file_size" integer, "image_updated_at" datetime) [0m
  [1m[35m (2.2ms)[0m  CREATE TABLE "tags" ("id" INTEGER PRIMARY KEY AUTOINCREMENT NOT NULL, "user_id" integer, "photo_id" integer) 
  [1m[36m (2.4ms)[0m  [1mCREATE TABLE "users" ("id" INTEGER PRIMARY KEY AUTOINCREMENT NOT NULL, "email" varchar, "password_hash" varchar, "password_salt" varchar, "created_at" datetime, "updated_at" datetime, "avatar_file_name" varchar, "avatar_content_type" varchar, "avatar_file_size" integer, "avatar_updated_at" datetime) [0m
  [1m[35m (2.3ms)[0m  CREATE TABLE "schema_migrations" ("version" varchar NOT NULL) 
  [1m[36m (0.3ms)[0m  [1mselect sqlite_version(*)[0m
  [1m[35m (2.8ms)[0m  CREATE UNIQUE INDEX "unique_schema_migrations" ON "schema_migrations" ("version")
  [1m[36m (0.3ms)[0m  [1mSELECT version FROM "schema_migrations"[0m
  [1m[35m (2.7ms)[0m  INSERT INTO "schema_migrations" (version) VALUES ('20150319191254')
  [1m[36m (1.9ms)[0m  [1mINSERT INTO "schema_migrations" (version) VALUES ('20150318211456')[0m
  [1m[35m (2.1ms)[0m  INSERT INTO "schema_migrations" (version) VALUES ('20150318205231')
  [1m[36m (1.8ms)[0m  [1mINSERT INTO "schema_migrations" (version) VALUES ('20150318163919')[0m
  [1m[35m (1.6ms)[0m  INSERT INTO "schema_migrations" (version) VALUES ('20150318213656')
  [1m[36m (1.6ms)[0m  [1mINSERT INTO "schema_migrations" (version) VALUES ('20150319191128')[0m
  [1m[35mActiveRecord::SchemaMigration Load (0.5ms)[0m  SELECT "schema_migrations".* FROM "schema_migrations"


Started GET "/" for ::1 at 2022-11-17 22:40:11 +0200
  [1m[36mActiveRecord::SchemaMigration Load (0.3ms)[0m  [1mSELECT "schema_migrations".* FROM "schema_migrations"[0m
Processing by HomeController#index as HTML
  Rendered home/index.html.haml within layouts/application (144.6ms)
Completed 200 OK in 200ms (Views: 195.8ms | ActiveRecord: 0.0ms)


Started GET "/" for ::1 at 2022-11-17 22:40:14 +0200
Processing by HomeController#index as HTML
  Rendered home/index.html.haml within layouts/application (0.8ms)
Completed 200 OK in 6ms (Views: 5.2ms | ActiveRecord: 0.0ms)


Started GET "/" for ::1 at 2022-11-28 17:12:25 +0200
  [1m[36mActiveRecord::SchemaMigration Load (0.0ms)[0m  [1mSELECT "schema_migrations".* FROM "schema_migrations"[0m
Processing by HomeController#index as HTML
  Rendered home/index.html.haml within layouts/application (171.5ms)
Completed 200 OK in 221ms (Views: 217.0ms | ActiveRecord: 0.0ms)


Started GET "/users/new" for ::1 at 2022-11-28 17:12:44 +0200
Processing by UsersController#new as HTML
  Rendered users/new.html.haml within layouts/application (31.9ms)
Completed 200 OK in 48ms (Views: 46.1ms | ActiveRecord: 0.2ms)


Started POST "/users" for ::1 at 2022-11-28 17:12:56 +0200
Processing by UsersController#create as HTML
  Parameters: {"utf8"=>"✓", "authenticity_token"=>"uRLa122c4tqJB0yqqLLWIwdLnGDcdgy5MHbmRvPhLMfpZ81csDWVn97iC/ITmSwuOW5gBJzeG5P8ieikOtfOWw==", "user"=>{"email"=>"david@gmail.com", "password"=>"[FILTERED]", "password_confirmation"=>"[FILTERED]", "avatar"=>#<ActionDispatch::Http::UploadedFile:0x00007ffbd0ec8bb8 @tempfile=#<Tempfile:/tmp/RackMultipart20221128-1273-1vvhdy1.jpg>, @original_filename="bowie.jpg", @content_type="image/jpeg", @headers="Content-Disposition: form-data; name=\"user[avatar]\"; filename=\"bowie.jpg\"\r\nContent-Type: image/jpeg\r\n">}, "commit"=>"Sign Up"}
Command :: file -b --mime '/tmp/ea2ff5ca6b648acd92bdea00ed8b136b20221128-1273-1076bar.jpg'
Command :: identify -format '%wx%h,%[exif:orientation]' '/tmp/ea2ff5ca6b648acd92bdea00ed8b136b20221128-1273-bm8ufi.jpg[0]' 2>/dev/null
Command :: identify -format %m '/tmp/ea2ff5ca6b648acd92bdea00ed8b136b20221128-1273-bm8ufi.jpg[0]'
Command :: convert '/tmp/ea2ff5ca6b648acd92bdea00ed8b136b20221128-1273-bm8ufi.jpg[0]' -auto-orient -resize "300x300>" '/tmp/0fd592cf6791a7d7c113a35595c3728120221128-1273-1m9w4cd'
Command :: identify -format '%wx%h,%[exif:orientation]' '/tmp/ea2ff5ca6b648acd92bdea00ed8b136b20221128-1273-bm8ufi.jpg[0]' 2>/dev/null
Command :: identify -format %m '/tmp/ea2ff5ca6b648acd92bdea00ed8b136b20221128-1273-bm8ufi.jpg[0]'
Command :: convert '/tmp/ea2ff5ca6b648acd92bdea00ed8b136b20221128-1273-bm8ufi.jpg[0]' -auto-orient -resize "100x100>" '/tmp/0fd592cf6791a7d7c113a35595c3728120221128-1273-r3yipj'
Command :: file -b --mime '/tmp/ea2ff5ca6b648acd92bdea00ed8b136b20221128-1273-1lax851.jpg'
  [1m[35mUser Exists (0.3ms)[0m  SELECT  1 AS one FROM "users" WHERE "users"."email" = 'david@gmail.com' LIMIT 1
  [1m[36m (0.0ms)[0m  [1mbegin transaction[0m
Command :: file -b --mime '/tmp/ea2ff5ca6b648acd92bdea00ed8b136b20221128-1273-jm6hy4.jpg'
  [1m[35mCACHE (0.0ms)[0m  SELECT  1 AS one FROM "users" WHERE "users"."email" = 'david@gmail.com' LIMIT 1
  [1m[36mSQL (0.2ms)[0m  [1mINSERT INTO "users" ("email", "avatar_file_name", "avatar_content_type", "avatar_file_size", "avatar_updated_at", "password_salt", "password_hash", "created_at", "updated_at") VALUES (?, ?, ?, ?, ?, ?, ?, ?, ?)[0m  [["email", "david@gmail.com"], ["avatar_file_name", "bowie.jpg"], ["avatar_content_type", "image/jpeg"], ["avatar_file_size", 399574], ["avatar_updated_at", "2022-11-28 15:12:56.910510"], ["password_salt", "$2a$10$grJkbToekS6MXn1WDiZPHu"], ["password_hash", "$2a$10$grJkbToekS6MXn1WDiZPHuOI9Hni35K8mc2kSuUnnvZlrGmFikFyK"], ["created_at", "2022-11-28 15:12:57.168633"], ["updated_at", "2022-11-28 15:12:57.168633"]]
  [1m[35m (1.0ms)[0m  commit transaction
Redirected to http://localhost:3000/users/1
Completed 302 Found in 268ms (ActiveRecord: 1.6ms)


Started GET "/users/1" for ::1 at 2022-11-28 17:12:57 +0200
Processing by UsersController#show as HTML
  Parameters: {"id"=>"1"}
  [1m[36mUser Load (0.1ms)[0m  [1mSELECT  "users".* FROM "users" WHERE "users"."id" = ? LIMIT 1[0m  [["id", 1]]
  [1m[35mPhoto Load (0.1ms)[0m  SELECT "photos".* FROM "photos" WHERE "photos"."user_id" = ?  [["user_id", 1]]
  Rendered users/show.html.haml within layouts/application (21.6ms)
Completed 200 OK in 42ms (Views: 31.9ms | ActiveRecord: 0.4ms)


Started GET "/users/1/photos/new" for ::1 at 2022-11-28 17:12:59 +0200
Processing by PhotosController#new as HTML
  Parameters: {"user_id"=>"1"}
  [1m[36mUser Load (0.1ms)[0m  [1mSELECT  "users".* FROM "users" WHERE "users"."id" = ? LIMIT 1[0m  [["id", 1]]
  [1m[35m (0.0ms)[0m  begin transaction
  [1m[36mSQL (0.1ms)[0m  [1mINSERT INTO "photos" ("created_at", "updated_at") VALUES (?, ?)[0m  [["created_at", "2022-11-28 15:12:59.880572"], ["updated_at", "2022-11-28 15:12:59.880572"]]
  [1m[35m (1.0ms)[0m  commit transaction
  Rendered photos/new.html.haml within layouts/application (1.9ms)
Completed 200 OK in 16ms (Views: 9.9ms | ActiveRecord: 1.3ms)


Started POST "/users/1/photos" for ::1 at 2022-11-28 17:13:18 +0200
Processing by PhotosController#create as HTML
  Parameters: {"utf8"=>"✓", "authenticity_token"=>"BG7XqjlWNL1xctBK2niEEJzOXIUbp/DrbSdiV8fuaUNUG8Ah5P9D+CaXlxJhU34douug4VsP58Gh2Gy1DtiL3w==", "photo"=>{"image"=>#<ActionDispatch::Http::UploadedFile:0x00007ffbd261d480 @tempfile=#<Tempfile:/tmp/RackMultipart20221128-1273-l3gjzz.jpg>, @original_filename="bowie.jpg", @content_type="image/jpeg", @headers="Content-Disposition: form-data; name=\"photo[image]\"; filename=\"bowie.jpg\"\r\nContent-Type: image/jpeg\r\n">}, "commit"=>"Upload", "user_id"=>"1"}
  [1m[36mUser Load (0.1ms)[0m  [1mSELECT  "users".* FROM "users" WHERE "users"."id" = ? LIMIT 1[0m  [["id", 1]]
Command :: file -b --mime '/tmp/ea2ff5ca6b648acd92bdea00ed8b136b20221128-1273-1k3q10z.jpg'
Command :: identify -format '%wx%h,%[exif:orientation]' '/tmp/ea2ff5ca6b648acd92bdea00ed8b136b20221128-1273-hva1v0.jpg[0]' 2>/dev/null
Command :: identify -format %m '/tmp/ea2ff5ca6b648acd92bdea00ed8b136b20221128-1273-hva1v0.jpg[0]'
Command :: convert '/tmp/ea2ff5ca6b648acd92bdea00ed8b136b20221128-1273-hva1v0.jpg[0]' -auto-orient -resize "300x300>" '/tmp/08a679c0064660e80347736c0a223ea520221128-1273-14ct96q'
Command :: identify -format '%wx%h,%[exif:orientation]' '/tmp/ea2ff5ca6b648acd92bdea00ed8b136b20221128-1273-hva1v0.jpg[0]' 2>/dev/null
Command :: identify -format %m '/tmp/ea2ff5ca6b648acd92bdea00ed8b136b20221128-1273-hva1v0.jpg[0]'
Command :: convert '/tmp/ea2ff5ca6b648acd92bdea00ed8b136b20221128-1273-hva1v0.jpg[0]' -auto-orient -resize "100x100>" '/tmp/08a679c0064660e80347736c0a223ea520221128-1273-w5fz7x'
  [1m[35m (0.1ms)[0m  begin transaction
Command :: file -b --mime '/tmp/ea2ff5ca6b648acd92bdea00ed8b136b20221128-1273-1xwemfh.jpg'
  [1m[36mSQL (0.1ms)[0m  [1mINSERT INTO "photos" ("image_file_name", "image_content_type", "image_file_size", "image_updated_at", "created_at", "updated_at") VALUES (?, ?, ?, ?, ?, ?)[0m  [["image_file_name", "bowie.jpg"], ["image_content_type", "image/jpeg"], ["image_file_size", 399574], ["image_updated_at", "2022-11-28 15:13:18.546788"], ["created_at", "2022-11-28 15:13:18.701385"], ["updated_at", "2022-11-28 15:13:18.701385"]]
  [1m[35m (0.8ms)[0m  commit transaction
  [1m[36m (0.1ms)[0m  [1mbegin transaction[0m
  [1m[35mSQL (0.3ms)[0m  UPDATE "photos" SET "user_id" = ?, "updated_at" = ? WHERE "photos"."id" = ?  [["user_id", 1], ["updated_at", "2022-11-28 15:13:18.705730"], ["id", 2]]
  [1m[36m (0.7ms)[0m  [1mcommit transaction[0m
Redirected to http://localhost:3000/users/1
Completed 302 Found in 164ms (ActiveRecord: 2.3ms)


Started GET "/users/1" for ::1 at 2022-11-28 17:13:18 +0200
Processing by UsersController#show as HTML
  Parameters: {"id"=>"1"}
  [1m[35mUser Load (0.1ms)[0m  SELECT  "users".* FROM "users" WHERE "users"."id" = ? LIMIT 1  [["id", 1]]
  [1m[36mPhoto Load (0.0ms)[0m  [1mSELECT "photos".* FROM "photos" WHERE "photos"."user_id" = ?[0m  [["user_id", 1]]
  [1m[35mUser Load (0.1ms)[0m  SELECT "users".* FROM "users"
  [1m[36mTag Load (0.1ms)[0m  [1mSELECT "tags".* FROM "tags" WHERE "tags"."photo_id" = ?[0m  [["photo_id", 2]]
  Rendered users/show.html.haml within layouts/application (5.1ms)
Completed 200 OK in 11ms (Views: 9.9ms | ActiveRecord: 0.2ms)


Started GET "/log-out" for ::1 at 2022-11-28 17:13:21 +0200
Processing by SessionsController#destroy as HTML
Redirected to http://localhost:3000/
Completed 302 Found in 0ms (ActiveRecord: 0.0ms)


Started GET "/" for ::1 at 2022-11-28 17:13:21 +0200
Processing by HomeController#index as HTML
  Rendered home/index.html.haml within layouts/application (0.7ms)
Completed 200 OK in 6ms (Views: 5.3ms | ActiveRecord: 0.0ms)


Started GET "/log-in" for ::1 at 2022-11-28 17:13:22 +0200
Processing by SessionsController#new as HTML
  Rendered sessions/new.html.haml within layouts/application (1.6ms)
Completed 200 OK in 10ms (Views: 9.3ms | ActiveRecord: 0.0ms)


Started GET "/" for ::1 at 2022-11-28 17:13:26 +0200
Processing by HomeController#index as HTML
  Rendered home/index.html.haml within layouts/application (0.8ms)
Completed 200 OK in 6ms (Views: 5.7ms | ActiveRecord: 0.0ms)


Started GET "/users/new" for ::1 at 2022-11-28 17:13:27 +0200
Processing by UsersController#new as HTML
  Rendered users/new.html.haml within layouts/application (1.4ms)
Completed 200 OK in 7ms (Views: 7.1ms | ActiveRecord: 0.0ms)


Started POST "/users" for ::1 at 2022-11-28 17:13:38 +0200
Processing by UsersController#create as HTML
  Parameters: {"utf8"=>"✓", "authenticity_token"=>"98XVsUQpW86VvQ5kG3NhXWiWlEhJ9OQ7b6tb/ireKFansMI6mYAsi8JYSTygWJtQVrNoLAlc8xGjVFUc4+jKyg==", "user"=>{"email"=>"ken@gmail.com", "password"=>"[FILTERED]", "password_confirmation"=>"[FILTERED]", "avatar"=>#<ActionDispatch::Http::UploadedFile:0x00007ffbd11a6740 @tempfile=#<Tempfile:/tmp/RackMultipart20221128-1273-142dmu1.jpg>, @original_filename="ken.jpg", @content_type="image/jpeg", @headers="Content-Disposition: form-data; name=\"user[avatar]\"; filename=\"ken.jpg\"\r\nContent-Type: image/jpeg\r\n">}, "commit"=>"Sign Up"}
Command :: file -b --mime '/tmp/f632fa6f8c3d5f551c5df867588381ab20221128-1273-9i56my.jpg'
Command :: identify -format '%wx%h,%[exif:orientation]' '/tmp/f632fa6f8c3d5f551c5df867588381ab20221128-1273-1lb3kb1.jpg[0]' 2>/dev/null
Command :: identify -format %m '/tmp/f632fa6f8c3d5f551c5df867588381ab20221128-1273-1lb3kb1.jpg[0]'
Command :: convert '/tmp/f632fa6f8c3d5f551c5df867588381ab20221128-1273-1lb3kb1.jpg[0]' -auto-orient -resize "300x300>" '/tmp/e346528ab90ab461603b3b0b6ef252b820221128-1273-qckn1y'
Command :: identify -format '%wx%h,%[exif:orientation]' '/tmp/f632fa6f8c3d5f551c5df867588381ab20221128-1273-1lb3kb1.jpg[0]' 2>/dev/null
Command :: identify -format %m '/tmp/f632fa6f8c3d5f551c5df867588381ab20221128-1273-1lb3kb1.jpg[0]'
Command :: convert '/tmp/f632fa6f8c3d5f551c5df867588381ab20221128-1273-1lb3kb1.jpg[0]' -auto-orient -resize "100x100>" '/tmp/e346528ab90ab461603b3b0b6ef252b820221128-1273-1r548uy'
Command :: file -b --mime '/tmp/f632fa6f8c3d5f551c5df867588381ab20221128-1273-1pndguv.jpg'
  [1m[35mUser Exists (0.2ms)[0m  SELECT  1 AS one FROM "users" WHERE "users"."email" = 'ken@gmail.com' LIMIT 1
  [1m[36m (0.0ms)[0m  [1mbegin transaction[0m
Command :: file -b --mime '/tmp/f632fa6f8c3d5f551c5df867588381ab20221128-1273-19uwvdg.jpg'
  [1m[35mCACHE (0.1ms)[0m  SELECT  1 AS one FROM "users" WHERE "users"."email" = 'ken@gmail.com' LIMIT 1
  [1m[36mSQL (0.1ms)[0m  [1mINSERT INTO "users" ("email", "avatar_file_name", "avatar_content_type", "avatar_file_size", "avatar_updated_at", "password_salt", "password_hash", "created_at", "updated_at") VALUES (?, ?, ?, ?, ?, ?, ?, ?, ?)[0m  [["email", "ken@gmail.com"], ["avatar_file_name", "ken.jpg"], ["avatar_content_type", "image/jpeg"], ["avatar_file_size", 192253], ["avatar_updated_at", "2022-11-28 15:13:38.504528"], ["password_salt", "$2a$10$NW5Zi4PRIrhVFX86q/xPXe"], ["password_hash", "$2a$10$NW5Zi4PRIrhVFX86q/xPXee9DBmlW/VPh/.NHZMc02jLhNSHYWtmK"], ["created_at", "2022-11-28 15:13:38.629285"], ["updated_at", "2022-11-28 15:13:38.629285"]]
  [1m[35m (0.9ms)[0m  commit transaction
Redirected to http://localhost:3000/users/2
Completed 302 Found in 132ms (ActiveRecord: 1.3ms)


Started GET "/users/2" for ::1 at 2022-11-28 17:13:38 +0200
Processing by UsersController#show as HTML
  Parameters: {"id"=>"2"}
  [1m[36mUser Load (0.1ms)[0m  [1mSELECT  "users".* FROM "users" WHERE "users"."id" = ? LIMIT 1[0m  [["id", 2]]
  [1m[35mPhoto Load (0.0ms)[0m  SELECT "photos".* FROM "photos" WHERE "photos"."user_id" = ?  [["user_id", 2]]
  Rendered users/show.html.haml within layouts/application (0.9ms)
Completed 200 OK in 6ms (Views: 5.7ms | ActiveRecord: 0.1ms)


Started GET "/users/2/photos/new" for ::1 at 2022-11-28 17:13:39 +0200
Processing by PhotosController#new as HTML
  Parameters: {"user_id"=>"2"}
  [1m[36mUser Load (0.1ms)[0m  [1mSELECT  "users".* FROM "users" WHERE "users"."id" = ? LIMIT 1[0m  [["id", 2]]
  [1m[35m (0.0ms)[0m  begin transaction
  [1m[36mSQL (0.1ms)[0m  [1mINSERT INTO "photos" ("created_at", "updated_at") VALUES (?, ?)[0m  [["created_at", "2022-11-28 15:13:39.980252"], ["updated_at", "2022-11-28 15:13:39.980252"]]
  [1m[35m (1.3ms)[0m  commit transaction
  Rendered photos/new.html.haml within layouts/application (4.3ms)
Completed 200 OK in 13ms (Views: 9.7ms | ActiveRecord: 1.5ms)


Started POST "/users/2/photos" for ::1 at 2022-11-28 17:13:43 +0200
Processing by PhotosController#create as HTML
  Parameters: {"utf8"=>"✓", "authenticity_token"=>"Q69k/8cvx0leT8rurDQUMz8MHBIHcZh0mXH/KPHUIQkT2nN0GoawDAmqjbYXH+4+ASngdkfZj15VjvHKOOLDlQ==", "commit"=>"Upload", "user_id"=>"2"}
  [1m[36mUser Load (0.1ms)[0m  [1mSELECT  "users".* FROM "users" WHERE "users"."id" = ? LIMIT 1[0m  [["id", 2]]
Redirected to http://localhost:3000/users/2/photos/new
Completed 302 Found in 1ms (ActiveRecord: 0.1ms)


Started GET "/users/2/photos/new" for ::1 at 2022-11-28 17:13:43 +0200
Processing by PhotosController#new as HTML
  Parameters: {"user_id"=>"2"}
  [1m[35mUser Load (0.1ms)[0m  SELECT  "users".* FROM "users" WHERE "users"."id" = ? LIMIT 1  [["id", 2]]
  [1m[36m (0.0ms)[0m  [1mbegin transaction[0m
  [1m[35mSQL (0.1ms)[0m  INSERT INTO "photos" ("created_at", "updated_at") VALUES (?, ?)  [["created_at", "2022-11-28 15:13:43.416331"], ["updated_at", "2022-11-28 15:13:43.416331"]]
  [1m[36m (0.9ms)[0m  [1mcommit transaction[0m
  Rendered photos/new.html.haml within layouts/application (0.5ms)
Completed 200 OK in 8ms (Views: 5.5ms | ActiveRecord: 1.1ms)


Started POST "/users/2/photos" for ::1 at 2022-11-28 17:13:51 +0200
Processing by PhotosController#create as HTML
  Parameters: {"utf8"=>"✓", "authenticity_token"=>"ZLWUqR747Za7n8rW/SNvru07XPfih2hd2DFPL70KBPo0wIMiw1Ga0+x6jY5GCJWj0x6gk6Ivf3cUzkHNdDzmZg==", "photo"=>{"image"=>#<ActionDispatch::Http::UploadedFile:0x00007ffbd209da78 @tempfile=#<Tempfile:/tmp/RackMultipart20221128-1273-1fal9uh.jpg>, @original_filename="ken.jpg", @content_type="image/jpeg", @headers="Content-Disposition: form-data; name=\"photo[image]\"; filename=\"ken.jpg\"\r\nContent-Type: image/jpeg\r\n">}, "commit"=>"Upload", "user_id"=>"2"}
  [1m[35mUser Load (0.1ms)[0m  SELECT  "users".* FROM "users" WHERE "users"."id" = ? LIMIT 1  [["id", 2]]
Command :: file -b --mime '/tmp/f632fa6f8c3d5f551c5df867588381ab20221128-1273-rhr2jg.jpg'
Command :: identify -format '%wx%h,%[exif:orientation]' '/tmp/f632fa6f8c3d5f551c5df867588381ab20221128-1273-1tkcto.jpg[0]' 2>/dev/null
Command :: identify -format %m '/tmp/f632fa6f8c3d5f551c5df867588381ab20221128-1273-1tkcto.jpg[0]'
Command :: convert '/tmp/f632fa6f8c3d5f551c5df867588381ab20221128-1273-1tkcto.jpg[0]' -auto-orient -resize "300x300>" '/tmp/136cfe5aa1b0824fff7d65712ea4354420221128-1273-5zqncx'
Command :: identify -format '%wx%h,%[exif:orientation]' '/tmp/f632fa6f8c3d5f551c5df867588381ab20221128-1273-1tkcto.jpg[0]' 2>/dev/null
Command :: identify -format %m '/tmp/f632fa6f8c3d5f551c5df867588381ab20221128-1273-1tkcto.jpg[0]'
Command :: convert '/tmp/f632fa6f8c3d5f551c5df867588381ab20221128-1273-1tkcto.jpg[0]' -auto-orient -resize "100x100>" '/tmp/136cfe5aa1b0824fff7d65712ea4354420221128-1273-l8kq0d'
  [1m[36m (0.1ms)[0m  [1mbegin transaction[0m
Command :: file -b --mime '/tmp/f632fa6f8c3d5f551c5df867588381ab20221128-1273-4rxfle.jpg'
  [1m[35mSQL (0.1ms)[0m  INSERT INTO "photos" ("image_file_name", "image_content_type", "image_file_size", "image_updated_at", "created_at", "updated_at") VALUES (?, ?, ?, ?, ?, ?)  [["image_file_name", "ken.jpg"], ["image_content_type", "image/jpeg"], ["image_file_size", 192253], ["image_updated_at", "2022-11-28 15:13:51.753726"], ["created_at", "2022-11-28 15:13:51.834056"], ["updated_at", "2022-11-28 15:13:51.834056"]]
  [1m[36m (0.8ms)[0m  [1mcommit transaction[0m
  [1m[35m (0.0ms)[0m  begin transaction
  [1m[36mSQL (0.1ms)[0m  [1mUPDATE "photos" SET "user_id" = ?, "updated_at" = ? WHERE "photos"."id" = ?[0m  [["user_id", 2], ["updated_at", "2022-11-28 15:13:51.839094"], ["id", 5]]
  [1m[35m (0.6ms)[0m  commit transaction
Redirected to http://localhost:3000/users/2
Completed 302 Found in 89ms (ActiveRecord: 1.8ms)


Started GET "/users/2" for ::1 at 2022-11-28 17:13:51 +0200
Processing by UsersController#show as HTML
  Parameters: {"id"=>"2"}
  [1m[36mUser Load (0.1ms)[0m  [1mSELECT  "users".* FROM "users" WHERE "users"."id" = ? LIMIT 1[0m  [["id", 2]]
  [1m[35mPhoto Load (0.0ms)[0m  SELECT "photos".* FROM "photos" WHERE "photos"."user_id" = ?  [["user_id", 2]]
  [1m[36mUser Load (0.1ms)[0m  [1mSELECT "users".* FROM "users"[0m
  [1m[35mTag Load (0.0ms)[0m  SELECT "tags".* FROM "tags" WHERE "tags"."photo_id" = ?  [["photo_id", 5]]
  Rendered users/show.html.haml within layouts/application (2.3ms)
Completed 200 OK in 8ms (Views: 7.1ms | ActiveRecord: 0.3ms)


Started GET "/log-out" for ::1 at 2022-11-28 17:13:54 +0200
Processing by SessionsController#destroy as HTML
Redirected to http://localhost:3000/
Completed 302 Found in 0ms (ActiveRecord: 0.0ms)


Started GET "/" for ::1 at 2022-11-28 17:13:54 +0200
Processing by HomeController#index as HTML
  Rendered home/index.html.haml within layouts/application (0.8ms)
Completed 200 OK in 5ms (Views: 4.8ms | ActiveRecord: 0.0ms)


Started GET "/users/new" for ::1 at 2022-11-28 17:13:55 +0200
Processing by UsersController#new as HTML
  Rendered users/new.html.haml within layouts/application (1.2ms)
Completed 200 OK in 7ms (Views: 6.9ms | ActiveRecord: 0.0ms)


Started POST "/users" for ::1 at 2022-11-28 17:14:13 +0200
Processing by UsersController#create as HTML
  Parameters: {"utf8"=>"✓", "authenticity_token"=>"+1IntGxx72WoG+AvQHo/gS4E3XlYlFWyelv1R0LyA+6rJzA/sdiYIP/+p3f7UcWMECEhHRg8Qpi2pPuli8Thcg==", "user"=>{"email"=>"ye@gmail.com", "password"=>"[FILTERED]", "password_confirmation"=>"[FILTERED]", "avatar"=>#<ActionDispatch::Http::UploadedFile:0x00007ffbd1298798 @tempfile=#<Tempfile:/tmp/RackMultipart20221128-1273-12czdso.png>, @original_filename="kanye.png", @content_type="image/png", @headers="Content-Disposition: form-data; name=\"user[avatar]\"; filename=\"kanye.png\"\r\nContent-Type: image/png\r\n">}, "commit"=>"Sign Up"}
Command :: file -b --mime '/tmp/71c1e8a22dbe10daae0743e628bb991c20221128-1273-17kf1p.png'
Command :: identify -format '%wx%h,%[exif:orientation]' '/tmp/71c1e8a22dbe10daae0743e628bb991c20221128-1273-1ixg0st.png[0]' 2>/dev/null
Command :: identify -format %m '/tmp/71c1e8a22dbe10daae0743e628bb991c20221128-1273-1ixg0st.png[0]'
Command :: convert '/tmp/71c1e8a22dbe10daae0743e628bb991c20221128-1273-1ixg0st.png[0]' -auto-orient -resize "300x300>" '/tmp/4f97fa511be9ffae68ab8663243fa53120221128-1273-rsxfvn'
Command :: identify -format '%wx%h,%[exif:orientation]' '/tmp/71c1e8a22dbe10daae0743e628bb991c20221128-1273-1ixg0st.png[0]' 2>/dev/null
Command :: identify -format %m '/tmp/71c1e8a22dbe10daae0743e628bb991c20221128-1273-1ixg0st.png[0]'
Command :: convert '/tmp/71c1e8a22dbe10daae0743e628bb991c20221128-1273-1ixg0st.png[0]' -auto-orient -resize "100x100>" '/tmp/4f97fa511be9ffae68ab8663243fa53120221128-1273-910yrb'
Command :: file -b --mime '/tmp/71c1e8a22dbe10daae0743e628bb991c20221128-1273-ysvg6i.png'
  [1m[36mUser Exists (0.1ms)[0m  [1mSELECT  1 AS one FROM "users" WHERE "users"."email" = 'ye@gmail.com' LIMIT 1[0m
  [1m[35m (0.0ms)[0m  begin transaction
Command :: file -b --mime '/tmp/71c1e8a22dbe10daae0743e628bb991c20221128-1273-jevosj.png'
  [1m[36mCACHE (0.0ms)[0m  [1mSELECT  1 AS one FROM "users" WHERE "users"."email" = 'ye@gmail.com' LIMIT 1[0m
  [1m[35mSQL (0.2ms)[0m  INSERT INTO "users" ("email", "avatar_file_name", "avatar_content_type", "avatar_file_size", "avatar_updated_at", "password_salt", "password_hash", "created_at", "updated_at") VALUES (?, ?, ?, ?, ?, ?, ?, ?, ?)  [["email", "ye@gmail.com"], ["avatar_file_name", "kanye.png"], ["avatar_content_type", "image/png"], ["avatar_file_size", 296224], ["avatar_updated_at", "2022-11-28 15:14:13.705999"], ["password_salt", "$2a$10$RV9TtLffR/EkQJZkLHcND."], ["password_hash", "$2a$10$RV9TtLffR/EkQJZkLHcND.VrVQoZLslrK/QsmqlaO7zVXvo19Z3O."], ["created_at", "2022-11-28 15:14:13.858412"], ["updated_at", "2022-11-28 15:14:13.858412"]]
  [1m[36m (1.0ms)[0m  [1mcommit transaction[0m
Redirected to http://localhost:3000/users/3
Completed 302 Found in 160ms (ActiveRecord: 1.3ms)


Started GET "/users/3" for ::1 at 2022-11-28 17:14:13 +0200
Processing by UsersController#show as HTML
  Parameters: {"id"=>"3"}
  [1m[35mUser Load (0.1ms)[0m  SELECT  "users".* FROM "users" WHERE "users"."id" = ? LIMIT 1  [["id", 3]]
  [1m[36mPhoto Load (0.0ms)[0m  [1mSELECT "photos".* FROM "photos" WHERE "photos"."user_id" = ?[0m  [["user_id", 3]]
  Rendered users/show.html.haml within layouts/application (1.1ms)
Completed 200 OK in 6ms (Views: 5.8ms | ActiveRecord: 0.1ms)


Started GET "/users/3/photos/new" for ::1 at 2022-11-28 17:14:15 +0200
Processing by PhotosController#new as HTML
  Parameters: {"user_id"=>"3"}
  [1m[35mUser Load (0.1ms)[0m  SELECT  "users".* FROM "users" WHERE "users"."id" = ? LIMIT 1  [["id", 3]]
  [1m[36m (0.0ms)[0m  [1mbegin transaction[0m
  [1m[35mSQL (0.1ms)[0m  INSERT INTO "photos" ("created_at", "updated_at") VALUES (?, ?)  [["created_at", "2022-11-28 15:14:15.220948"], ["updated_at", "2022-11-28 15:14:15.220948"]]
  [1m[36m (1.4ms)[0m  [1mcommit transaction[0m
  Rendered photos/new.html.haml within layouts/application (0.6ms)
Completed 200 OK in 14ms (Views: 10.5ms | ActiveRecord: 1.6ms)


Started POST "/users/3/photos" for ::1 at 2022-11-28 17:14:35 +0200
Processing by PhotosController#create as HTML
  Parameters: {"utf8"=>"✓", "authenticity_token"=>"A29WQRS02PsrZPFoHCpFjjE15Yu3hX0Sabz+fskmfahTGkHKyR2vvnyBtjCnAb+DDxAZ7/ctajilQ/CcABCfNA==", "photo"=>{"image"=>#<ActionDispatch::Http::UploadedFile:0x00007ffbd259ce70 @tempfile=#<Tempfile:/tmp/RackMultipart20221128-1273-10rtpvo.png>, @original_filename="kanye.png", @content_type="image/png", @headers="Content-Disposition: form-data; name=\"photo[image]\"; filename=\"kanye.png\"\r\nContent-Type: image/png\r\n">}, "commit"=>"Upload", "user_id"=>"3"}
  [1m[35mUser Load (0.1ms)[0m  SELECT  "users".* FROM "users" WHERE "users"."id" = ? LIMIT 1  [["id", 3]]
Command :: file -b --mime '/tmp/71c1e8a22dbe10daae0743e628bb991c20221128-1273-11ducza.png'
Command :: identify -format '%wx%h,%[exif:orientation]' '/tmp/71c1e8a22dbe10daae0743e628bb991c20221128-1273-13d05jk.png[0]' 2>/dev/null
Command :: identify -format %m '/tmp/71c1e8a22dbe10daae0743e628bb991c20221128-1273-13d05jk.png[0]'
Command :: convert '/tmp/71c1e8a22dbe10daae0743e628bb991c20221128-1273-13d05jk.png[0]' -auto-orient -resize "300x300>" '/tmp/7f3f3087fbfec703aa1880c3ebd65d6120221128-1273-1szst9q'
Command :: identify -format '%wx%h,%[exif:orientation]' '/tmp/71c1e8a22dbe10daae0743e628bb991c20221128-1273-13d05jk.png[0]' 2>/dev/null
Command :: identify -format %m '/tmp/71c1e8a22dbe10daae0743e628bb991c20221128-1273-13d05jk.png[0]'
Command :: convert '/tmp/71c1e8a22dbe10daae0743e628bb991c20221128-1273-13d05jk.png[0]' -auto-orient -resize "100x100>" '/tmp/7f3f3087fbfec703aa1880c3ebd65d6120221128-1273-swt9l1'
  [1m[36m (0.1ms)[0m  [1mbegin transaction[0m
Command :: file -b --mime '/tmp/71c1e8a22dbe10daae0743e628bb991c20221128-1273-n1gyuk.png'
  [1m[35mSQL (0.1ms)[0m  INSERT INTO "photos" ("image_file_name", "image_content_type", "image_file_size", "image_updated_at", "created_at", "updated_at") VALUES (?, ?, ?, ?, ?, ?)  [["image_file_name", "kanye.png"], ["image_content_type", "image/png"], ["image_file_size", 296224], ["image_updated_at", "2022-11-28 15:14:35.820900"], ["created_at", "2022-11-28 15:14:35.918907"], ["updated_at", "2022-11-28 15:14:35.918907"]]
  [1m[36m (0.9ms)[0m  [1mcommit transaction[0m
  [1m[35m (0.0ms)[0m  begin transaction
  [1m[36mSQL (0.1ms)[0m  [1mUPDATE "photos" SET "user_id" = ?, "updated_at" = ? WHERE "photos"."id" = ?[0m  [["user_id", 3], ["updated_at", "2022-11-28 15:14:35.923256"], ["id", 7]]
  [1m[35m (0.5ms)[0m  commit transaction
Redirected to http://localhost:3000/users/3
Completed 302 Found in 106ms (ActiveRecord: 1.7ms)


Started GET "/users/3" for ::1 at 2022-11-28 17:14:35 +0200
Processing by UsersController#show as HTML
  Parameters: {"id"=>"3"}
  [1m[36mUser Load (0.1ms)[0m  [1mSELECT  "users".* FROM "users" WHERE "users"."id" = ? LIMIT 1[0m  [["id", 3]]
  [1m[35mPhoto Load (0.0ms)[0m  SELECT "photos".* FROM "photos" WHERE "photos"."user_id" = ?  [["user_id", 3]]
  [1m[36mUser Load (0.1ms)[0m  [1mSELECT "users".* FROM "users"[0m
  [1m[35mTag Load (0.0ms)[0m  SELECT "tags".* FROM "tags" WHERE "tags"."photo_id" = ?  [["photo_id", 7]]
  Rendered users/show.html.haml within layouts/application (2.2ms)
Completed 200 OK in 8ms (Views: 7.3ms | ActiveRecord: 0.2ms)


Started GET "/log-out" for ::1 at 2022-11-28 17:14:46 +0200
Processing by SessionsController#destroy as HTML
Redirected to http://localhost:3000/
Completed 302 Found in 0ms (ActiveRecord: 0.0ms)


Started GET "/" for ::1 at 2022-11-28 17:14:46 +0200
Processing by HomeController#index as HTML
  Rendered home/index.html.haml within layouts/application (1.5ms)
Completed 200 OK in 7ms (Views: 6.4ms | ActiveRecord: 0.0ms)
